0 verbose cli C:\Program Files\nodejs\node.exe C:\Users\caauc\AppData\Roaming\npm\node_modules\npm\bin\npm-cli.js
1 info using npm@11.6.2
2 info using node@v22.19.0
3 silly config load:file:C:\Users\caauc\AppData\Roaming\npm\node_modules\npm\npmrc
4 silly config load:file:C:\Users\caauc\barbas-cuts-web\.npmrc
5 silly config load:file:C:\Users\caauc\.npmrc
6 silly config load:file:C:\Users\caauc\AppData\Roaming\npm\etc\npmrc
7 verbose title npm exec vercel --prod --yes
8 verbose argv "exec" "--" "vercel" "--prod" "--yes"
9 verbose logfile logs-max:10 dir:c:\Users\caauc\barbas-cuts-web\.npm-cache\_logs\2026-03-12T12_53_23_697Z-
10 verbose logfile c:\Users\caauc\barbas-cuts-web\.npm-cache\_logs\2026-03-12T12_53_23_697Z-debug-0.log
11 silly logfile start cleaning logs, removing 1 files
12 silly logfile done cleaning log files
13 silly packumentCache heap:4345298944 maxSize:1086324736 maxEntrySize:543162368
14 http fetch GET 200 https://registry.npmjs.org/vercel 383ms (cache updated)
15 silly packumentCache heap:4345298944 maxSize:1086324736 maxEntrySize:543162368
16 silly packumentCache heap:4345298944 maxSize:1086324736 maxEntrySize:543162368
17 warn exec The following package was not found and will be installed: vercel@50.32.3
18 silly idealTree buildDeps
19 silly fetch manifest vercel@50.32.3
20 silly packumentCache full:https://registry.npmjs.org/vercel cache-miss
21 http fetch GET 200 https://registry.npmjs.org/vercel 126ms (cache updated)
22 silly packumentCache full:https://registry.npmjs.org/vercel set size:undefined disposed:false
23 silly placeDep ROOT vercel@50.32.3 REPLACE for:  want: 50.32.3
24 silly fetch manifest @vercel/python@6.23.0
25 silly packumentCache full:https://registry.npmjs.org/@vercel%2fpython cache-miss
26 silly fetch manifest @vercel/detect-agent@1.2.1
27 silly packumentCache full:https://registry.npmjs.org/@vercel%2fdetect-agent cache-miss
28 http fetch GET 200 https://registry.npmjs.org/@vercel%2fdetect-agent 71ms (cache updated)
29 silly packumentCache full:https://registry.npmjs.org/@vercel%2fdetect-agent set size:undefined disposed:false
30 http fetch GET 200 https://registry.npmjs.org/@vercel%2fpython 231ms (cache updated)
31 silly packumentCache full:https://registry.npmjs.org/@vercel%2fpython set size:undefined disposed:false
32 silly placeDep ROOT @vercel/detect-agent@1.2.1 OK for: vercel@50.32.3 want: 1.2.1
33 silly placeDep ROOT @vercel/python@6.23.0 OK for: vercel@50.32.3 want: 6.23.0
34 silly reify mark retired [
34 silly reify   'c:\\Users\\caauc\\barbas-cuts-web\\.npm-cache\\_npx\\69f9afb961c37556\\node_modules\\@vercel\\detect-agent'
34 silly reify ]
35 silly reify mark retired [
35 silly reify   'c:\\Users\\caauc\\barbas-cuts-web\\.npm-cache\\_npx\\69f9afb961c37556\\node_modules\\@vercel\\python'
35 silly reify ]
36 silly reify mark retired [
36 silly reify   'c:\\Users\\caauc\\barbas-cuts-web\\.npm-cache\\_npx\\69f9afb961c37556\\node_modules\\vercel',
36 silly reify   'c:\\Users\\caauc\\barbas-cuts-web\\.npm-cache\\_npx\\69f9afb961c37556\\node_modules\\.bin\\vc',
36 silly reify   'c:\\Users\\caauc\\barbas-cuts-web\\.npm-cache\\_npx\\69f9afb961c37556\\node_modules\\.bin\\vc.cmd',
36 silly reify   'c:\\Users\\caauc\\barbas-cuts-web\\.npm-cache\\_npx\\69f9afb961c37556\\node_modules\\.bin\\vc.ps1',
36 silly reify   'c:\\Users\\caauc\\barbas-cuts-web\\.npm-cache\\_npx\\69f9afb961c37556\\node_modules\\.bin\\vercel',
36 silly reify   'c:\\Users\\caauc\\barbas-cuts-web\\.npm-cache\\_npx\\69f9afb961c37556\\node_modules\\.bin\\vercel.cmd',
36 silly reify   'c:\\Users\\caauc\\barbas-cuts-web\\.npm-cache\\_npx\\69f9afb961c37556\\node_modules\\.bin\\vercel.ps1'
36 silly reify ]
37 silly reify moves {
37 silly reify   'c:\\Users\\caauc\\barbas-cuts-web\\.npm-cache\\_npx\\69f9afb961c37556\\node_modules\\@vercel\\detect-agent': 'c:\\Users\\caauc\\barbas-cuts-web\\.npm-cache\\_npx\\69f9afb961c37556\\node_modules\\@vercel\\.detect-agent-wrufkZY7',
37 silly reify   'c:\\Users\\caauc\\barbas-cuts-web\\.npm-cache\\_npx\\69f9afb961c37556\\node_modules\\@vercel\\python': 'c:\\Users\\caauc\\barbas-cuts-web\\.npm-cache\\_npx\\69f9afb961c37556\\node_modules\\@vercel\\.python-jZyzHZKQ',
37 silly reify   'c:\\Users\\caauc\\barbas-cuts-web\\.npm-cache\\_npx\\69f9afb961c37556\\node_modules\\vercel': 'c:\\Users\\caauc\\barbas-cuts-web\\.npm-cache\\_npx\\69f9afb961c37556\\node_modules\\.vercel-knhCIOUO',
37 silly reify   'c:\\Users\\caauc\\barbas-cuts-web\\.npm-cache\\_npx\\69f9afb961c37556\\node_modules\\.bin\\vc': 'c:\\Users\\caauc\\barbas-cuts-web\\.npm-cache\\_npx\\69f9afb961c37556\\node_modules\\.bin\\.vc-EI39nmhn',
37 silly reify   'c:\\Users\\caauc\\barbas-cuts-web\\.npm-cache\\_npx\\69f9afb961c37556\\node_modules\\.bin\\vc.cmd': 'c:\\Users\\caauc\\barbas-cuts-web\\.npm-cache\\_npx\\69f9afb961c37556\\node_modules\\.bin\\.vc.cmd-2wfP2szV',
37 silly reify   'c:\\Users\\caauc\\barbas-cuts-web\\.npm-cache\\_npx\\69f9afb961c37556\\node_modules\\.bin\\vc.ps1': 'c:\\Users\\caauc\\barbas-cuts-web\\.npm-cache\\_npx\\69f9afb961c37556\\node_modules\\.bin\\.vc.ps1-IJMApR43',
37 silly reify   'c:\\Users\\caauc\\barbas-cuts-web\\.npm-cache\\_npx\\69f9afb961c37556\\node_modules\\.bin\\vercel': 'c:\\Users\\caauc\\barbas-cuts-web\\.npm-cache\\_npx\\69f9afb961c37556\\node_modules\\.bin\\.vercel-bK5p45hU',
37 silly reify   'c:\\Users\\caauc\\barbas-cuts-web\\.npm-cache\\_npx\\69f9afb961c37556\\node_modules\\.bin\\vercel.cmd': 'c:\\Users\\caauc\\barbas-cuts-web\\.npm-cache\\_npx\\69f9afb961c37556\\node_modules\\.bin\\.vercel.cmd-bYoGM7qG',
37 silly reify   'c:\\Users\\caauc\\barbas-cuts-web\\.npm-cache\\_npx\\69f9afb961c37556\\node_modules\\.bin\\vercel.ps1': 'c:\\Users\\caauc\\barbas-cuts-web\\.npm-cache\\_npx\\69f9afb961c37556\\node_modules\\.bin\\.vercel.ps1-TCyIX2qS'
37 silly reify }
38 silly audit bulk request {
38 silly audit   '@bytecodealliance/preview2-shim': [ '0.17.6' ],
38 silly audit   '@edge-runtime/format': [ '2.2.1' ],
38 silly audit   '@edge-runtime/node-utils': [ '2.3.0' ],
38 silly audit   '@edge-runtime/ponyfill': [ '2.4.2' ],
38 silly audit   '@edge-runtime/primitives': [ '4.1.0' ],
38 silly audit   '@edge-runtime/vm': [ '3.2.0' ],
38 silly audit   '@emnapi/core': [ '1.8.1' ],
38 silly audit   '@emnapi/runtime': [ '1.8.1' ],
38 silly audit   '@emnapi/wasi-threads': [ '1.1.0' ],
38 silly audit   '@esbuild/aix-ppc64': [ '0.27.0' ],
38 silly audit   '@esbuild/android-arm': [ '0.27.0' ],
38 silly audit   '@esbuild/android-arm64': [ '0.27.0' ],
38 silly audit   '@esbuild/android-x64': [ '0.27.0' ],
38 silly audit   '@esbuild/darwin-arm64': [ '0.27.0' ],
38 silly audit   '@esbuild/darwin-x64': [ '0.27.0' ],
38 silly audit   '@esbuild/freebsd-arm64': [ '0.27.0' ],
38 silly audit   '@esbuild/freebsd-x64': [ '0.27.0' ],
38 silly audit   '@esbuild/linux-arm': [ '0.27.0' ],
38 silly audit   '@esbuild/linux-arm64': [ '0.27.0' ],
38 silly audit   '@esbuild/linux-ia32': [ '0.27.0' ],
38 silly audit   '@esbuild/linux-loong64': [ '0.27.0' ],
38 silly audit   '@esbuild/linux-mips64el': [ '0.27.0' ],
38 silly audit   '@esbuild/linux-ppc64': [ '0.27.0' ],
38 silly audit   '@esbuild/linux-riscv64': [ '0.27.0' ],
38 silly audit   '@esbuild/linux-s390x': [ '0.27.0' ],
38 silly audit   '@esbuild/linux-x64': [ '0.27.0' ],
38 silly audit   '@esbuild/netbsd-arm64': [ '0.27.0' ],
38 silly audit   '@esbuild/netbsd-x64': [ '0.27.0' ],
38 silly audit   '@esbuild/openbsd-arm64': [ '0.27.0' ],
38 silly audit   '@esbuild/openbsd-x64': [ '0.27.0' ],
38 silly audit   '@esbuild/openharmony-arm64': [ '0.27.0' ],
38 silly audit   '@esbuild/sunos-x64': [ '0.27.0' ],
38 silly audit   '@esbuild/win32-arm64': [ '0.27.0' ],
38 silly audit   '@esbuild/win32-ia32': [ '0.27.0' ],
38 silly audit   '@esbuild/win32-x64': [ '0.27.0' ],
38 silly audit   '@fastify/busboy': [ '2.1.1' ],
38 silly audit   '@iarna/toml': [ '2.2.5' ],
38 silly audit   '@isaacs/balanced-match': [ '4.0.1' ],
38 silly audit   '@isaacs/brace-expansion': [ '5.0.1' ],
38 silly audit   '@isaacs/fs-minipass': [ '4.0.1' ],
38 silly audit   '@mapbox/node-pre-gyp': [ '2.0.3' ],
38 silly audit   '@napi-rs/wasm-runtime': [ '1.1.1' ],
38 silly audit   '@nodelib/fs.scandir': [ '2.1.5' ],
38 silly audit   '@nodelib/fs.stat': [ '2.0.5' ],
38 silly audit   '@nodelib/fs.walk': [ '1.2.8' ],
38 silly audit   '@oxc-project/types': [ '0.110.0' ],
38 silly audit   '@oxc-transform/binding-android-arm-eabi': [ '0.111.0' ],
38 silly audit   '@oxc-transform/binding-android-arm64': [ '0.111.0' ],
38 silly audit   '@oxc-transform/binding-darwin-arm64': [ '0.111.0' ],
38 silly audit   '@oxc-transform/binding-darwin-x64': [ '0.111.0' ],
38 silly audit   '@oxc-transform/binding-freebsd-x64': [ '0.111.0' ],
38 silly audit   '@oxc-transform/binding-linux-arm-gnueabihf': [ '0.111.0' ],
38 silly audit   '@oxc-transform/binding-linux-arm-musleabihf': [ '0.111.0' ],
38 silly audit   '@oxc-transform/binding-linux-arm64-gnu': [ '0.111.0' ],
38 silly audit   '@oxc-transform/binding-linux-arm64-musl': [ '0.111.0' ],
38 silly audit   '@oxc-transform/binding-linux-ppc64-gnu': [ '0.111.0' ],
38 silly audit   '@oxc-transform/binding-linux-riscv64-gnu': [ '0.111.0' ],
38 silly audit   '@oxc-transform/binding-linux-riscv64-musl': [ '0.111.0' ],
38 silly audit   '@oxc-transform/binding-linux-s390x-gnu': [ '0.111.0' ],
38 silly audit   '@oxc-transform/binding-linux-x64-gnu': [ '0.111.0' ],
38 silly audit   '@oxc-transform/binding-linux-x64-musl': [ '0.111.0' ],
38 silly audit   '@oxc-transform/binding-openharmony-arm64': [ '0.111.0' ],
38 silly audit   '@oxc-transform/binding-wasm32-wasi': [ '0.111.0' ],
38 silly audit   '@oxc-transform/binding-win32-arm64-msvc': [ '0.111.0' ],
38 silly audit   '@oxc-transform/binding-win32-ia32-msvc': [ '0.111.0' ],
38 silly audit   '@oxc-transform/binding-win32-x64-msvc': [ '0.111.0' ],
38 silly audit   '@renovatebot/pep440': [ '4.2.1' ],
38 silly audit   '@rolldown/binding-android-arm64': [ '1.0.0-rc.1' ],
38 silly audit   '@rolldown/binding-darwin-arm64': [ '1.0.0-rc.1' ],
38 silly audit   '@rolldown/binding-darwin-x64': [ '1.0.0-rc.1' ],
38 silly audit   '@rolldown/binding-freebsd-x64': [ '1.0.0-rc.1' ],
38 silly audit   '@rolldown/binding-linux-arm-gnueabihf': [ '1.0.0-rc.1' ],
38 silly audit   '@rolldown/binding-linux-arm64-gnu': [ '1.0.0-rc.1' ],
38 silly audit   '@rolldown/binding-linux-arm64-musl': [ '1.0.0-rc.1' ],
38 silly audit   '@rolldown/binding-linux-x64-gnu': [ '1.0.0-rc.1' ],
38 silly audit   '@rolldown/binding-linux-x64-musl': [ '1.0.0-rc.1' ],
38 silly audit   '@rolldown/binding-openharmony-arm64': [ '1.0.0-rc.1' ],
38 silly audit   '@rolldown/binding-wasm32-wasi': [ '1.0.0-rc.1' ],
38 silly audit   '@rolldown/binding-win32-arm64-msvc': [ '1.0.0-rc.1' ],
38 silly audit   '@rolldown/binding-win32-x64-msvc': [ '1.0.0-rc.1' ],
38 silly audit   '@rolldown/pluginutils': [ '1.0.0-rc.1' ],
38 silly audit   '@rollup/pluginutils': [ '5.3.0' ],
38 silly audit   '@sinclair/typebox': [ '0.25.24' ],
38 silly audit   '@tootallnate/once': [ '2.0.0' ],
38 silly audit   '@tootallnate/quickjs-emscripten': [ '0.23.0' ],
38 silly audit   '@ts-morph/common': [ '0.11.1' ],
38 silly audit   minimatch: [ '3.1.5', '10.2.4', '10.1.1' ],
38 silly audit   '@tybys/wasm-util': [ '0.10.1' ],
38 silly audit   '@types/estree': [ '1.0.8' ],
38 silly audit   '@types/json-schema': [ '7.0.15' ],
38 silly audit   '@types/node': [ '20.11.0' ],
38 silly audit   '@vercel/backends': [ '0.0.45' ],
38 silly audit   '@vercel/blob': [ '2.3.0' ],
38 silly audit   '@vercel/build-utils': [ '13.8.0' ],
38 silly audit   '@vercel/cervel': [ '0.0.32' ],
38 silly audit   '@vercel/elysia': [ '0.1.48' ],
38 silly audit   '@vercel/error-utils': [ '2.0.3' ],
38 silly audit   '@vercel/express': [ '0.1.57' ],
38 silly audit   '@vercel/nft': [ '1.1.1', '1.3.0' ],
38 silly audit   '@vercel/fastify': [ '0.1.51' ],
38 silly audit   '@vercel/fun': [ '1.3.0' ],
38 silly audit   'path-to-regexp': [ '8.2.0', '6.1.0', '8.3.0', '6.3.0' ],
38 silly audit   '@vercel/gatsby-plugin-vercel-analytics': [ '1.0.11' ],
38 silly audit   '@vercel/gatsby-plugin-vercel-builder': [ '2.1.0' ],
38 silly audit   '@vercel/go': [ '3.4.4' ],
38 silly audit   '@vercel/h3': [ '0.1.57' ],
38 silly audit   '@vercel/hono': [ '0.2.51' ],
38 silly audit   '@vercel/hydrogen': [ '1.3.6' ],
38 silly audit   '@vercel/koa': [ '0.1.31' ],
38 silly audit   '@vercel/nestjs': [ '0.2.52' ],
38 silly audit   '@vercel/next': [ '4.16.1' ],
38 silly audit   '@vercel/node': [ '5.6.15' ],
38 silly audit   'async-listen': [ '3.0.0', '1.2.0', '3.0.1' ],
38 silly audit   'node-fetch': [ '2.6.9', '2.6.7' ],
38 silly audit   undici: [ '5.28.4', '6.23.0' ],
38 silly audit   '@vercel/python-analysis': [ '0.9.1' ],
38 silly audit   'fs-extra': [ '11.1.1', '11.1.0' ],
38 silly audit   '@vercel/redwood': [ '2.4.10' ],
38 silly audit   semver: [ '6.3.1', '7.5.4' ],
38 silly audit   '@vercel/remix-builder': [ '5.7.0' ],
38 silly audit   '@vercel/ruby': [ '2.3.2' ],
38 silly audit   '@vercel/rust': [ '1.0.5' ],
38 silly audit   execa: [ '5.1.1', '3.2.0' ],
38 silly audit   'get-stream': [ '6.0.1', '5.2.0' ],
38 silly audit   'human-signals': [ '2.1.0', '1.1.1' ],
38 silly audit   'signal-exit': [ '3.0.7', '4.0.2' ],
38 silly audit   '@vercel/static-build': [ '2.9.0' ],
38 silly audit   '@vercel/static-config': [ '3.2.0' ],
38 silly audit   abbrev: [ '3.0.1' ],
38 silly audit   acorn: [ '8.16.0' ],
38 silly audit   'acorn-import-attributes': [ '1.9.5' ],
38 silly audit   'agent-base': [ '7.1.4' ],
38 silly audit   ajv: [ '8.6.3' ],
38 silly audit   'any-promise': [ '1.3.0' ],
38 silly audit   arg: [ '4.1.0' ],
38 silly audit   argparse: [ '2.0.1' ],
38 silly audit   'ast-types': [ '0.13.4' ],
38 silly audit   'async-retry': [ '1.3.3' ],
38 silly audit   'async-sema': [ '3.1.1' ],
38 silly audit   asynckit: [ '0.4.0' ],
38 silly audit   'balanced-match': [ '1.0.2', '4.0.4' ],
38 silly audit   'basic-ftp': [ '5.2.0' ],
38 silly audit   bindings: [ '1.5.0' ],
38 silly audit   'brace-expansion': [ '1.1.12', '5.0.4' ],
38 silly audit   braces: [ '3.0.3' ],
38 silly audit   'buffer-crc32': [ '0.2.13' ],
38 silly audit   bytes: [ '3.1.0' ],
38 silly audit   'call-bind-apply-helpers': [ '1.0.2' ],
38 silly audit   chokidar: [ '4.0.0' ],
38 silly audit   chownr: [ '3.0.0' ],
38 silly audit   'cjs-module-lexer': [ '1.2.3' ],
38 silly audit   'code-block-writer': [ '10.1.1' ],
38 silly audit   'combined-stream': [ '1.0.8' ],
38 silly audit   'concat-map': [ '0.0.1' ],
38 silly audit   consola: [ '3.4.2' ],
38 silly audit   'content-type': [ '1.0.4' ],
38 silly audit   'convert-hrtime': [ '3.0.0' ],
38 silly audit   'cookie-es': [ '2.0.0' ],
38 silly audit   'cross-spawn': [ '7.0.6' ],
38 silly audit   'data-uri-to-buffer': [ '6.0.2' ],
38 silly audit   debug: [ '4.3.4' ],
38 silly audit   ms: [ '2.1.2', '2.1.1' ],
38 silly audit   degenerator: [ '5.0.1' ],
38 silly audit   'delayed-stream': [ '1.0.0' ],
38 silly audit   depd: [ '1.1.2' ],
38 silly audit   'detect-libc': [ '2.1.2' ],
38 silly audit   'dunder-proto': [ '1.0.1' ],
38 silly audit   'edge-runtime': [ '2.5.9' ],
38 silly audit   'end-of-stream': [ '1.4.5', '1.1.0' ],
38 silly audit   'es-define-property': [ '1.0.1' ],
38 silly audit   'es-errors': [ '1.3.0' ],
38 silly audit   'es-module-lexer': [ '1.4.1' ],
38 silly audit   'es-object-atoms': [ '1.1.1' ],
38 silly audit   'es-set-tostringtag': [ '2.1.0' ],
38 silly audit   esbuild: [ '0.27.0' ],
38 silly audit   escodegen: [ '2.1.0' ],
38 silly audit   esprima: [ '4.0.1' ],
38 silly audit   estraverse: [ '5.3.0' ],
38 silly audit   'estree-walker': [ '2.0.2' ],
38 silly audit   esutils: [ '2.0.3' ],
38 silly audit   etag: [ '1.8.1' ],
38 silly audit   'events-intercept': [ '2.0.0' ],
38 silly audit   'fast-deep-equal': [ '3.1.3' ],
38 silly audit   'fast-glob': [ '3.3.3' ],
38 silly audit   fastq: [ '1.20.1' ],
38 silly audit   'fd-slicer': [ '1.1.0' ],
38 silly audit   'file-uri-to-path': [ '1.0.0' ],
38 silly audit   'fill-range': [ '7.1.1' ],
38 silly audit   'form-data': [ '4.0.5' ],
38 silly audit   fsevents: [ '2.3.3' ],
38 silly audit   'function-bind': [ '1.1.2' ],
38 silly audit   'generic-pool': [ '3.4.2' ],
38 silly audit   'get-intrinsic': [ '1.3.0' ],
38 silly audit   'get-proto': [ '1.0.1' ],
38 silly audit   'get-tsconfig': [ '4.13.6' ],
38 silly audit   'get-uri': [ '6.0.5' ],
38 silly audit   glob: [ '13.0.6' ],
38 silly audit   'glob-parent': [ '5.1.2' ],
38 silly audit   gopd: [ '1.2.0' ],
38 silly audit   'graceful-fs': [ '4.2.11' ],
38 silly audit   'has-symbols': [ '1.1.0' ],
38 silly audit   'has-tostringtag': [ '1.0.2' ],
38 silly audit   hasown: [ '2.0.2' ],
38 silly audit   'http-errors': [ '1.7.3' ],
38 silly audit   'http-proxy-agent': [ '7.0.2' ],
38 silly audit   'https-proxy-agent': [ '7.0.6' ],
38 silly audit   'iconv-lite': [ '0.4.24' ],
38 silly audit   inherits: [ '2.0.4' ],
38 silly audit   'ip-address': [ '10.1.0' ],
38 silly audit   'is-buffer': [ '2.0.5' ],
38 silly audit   'is-extglob': [ '2.1.1' ],
38 silly audit   'is-glob': [ '4.0.3' ],
38 silly audit   'is-node-process': [ '1.2.0' ],
38 silly audit   'is-number': [ '7.0.0' ],
38 silly audit   'is-stream': [ '2.0.1' ],
38 silly audit   isexe: [ '2.0.0' ],
38 silly audit   jose: [ '5.9.6' ],
38 silly audit   'js-yaml': [ '4.1.1' ],
38 silly audit   'json-schema-to-ts': [ '1.6.4' ],
38 silly audit   'json-schema-traverse': [ '1.0.0' ],
38 silly audit   jsonfile: [ '6.2.0' ],
38 silly audit   'lru-cache': [ '11.2.6', '7.18.3', '6.0.0' ],
38 silly audit   luxon: [ '3.7.2' ],
38 silly audit   'math-intrinsics': [ '1.1.0' ],
38 silly audit   'merge-stream': [ '2.0.0' ],
38 silly audit   merge2: [ '1.4.1' ],
38 silly audit   micro: [ '9.3.5-canary.3' ],
38 silly audit   micromatch: [ '4.0.8' ],
38 silly audit   picomatch: [ '2.3.1', '4.0.3' ],
38 silly audit   'mime-db': [ '1.52.0' ],
38 silly audit   'mime-types': [ '2.1.35' ],
38 silly audit   'mimic-fn': [ '2.1.0' ],
38 silly audit   minipass: [ '7.1.3' ],
38 silly audit   minizlib: [ '3.1.0' ],
38 silly audit   mkdirp: [ '1.0.4' ],
38 silly audit   mri: [ '1.2.0' ],
38 silly audit   netmask: [ '2.0.2' ],
38 silly audit   'node-gyp-build': [ '4.8.4' ],
38 silly audit   nopt: [ '8.1.0' ],
38 silly audit   'npm-run-path': [ '4.0.1' ],
38 silly audit   'ohm-js': [ '17.5.0' ],
38 silly audit   once: [ '1.4.0', '1.3.3' ],
38 silly audit   onetime: [ '5.1.2' ],
38 silly audit   'os-paths': [ '4.4.0' ],
38 silly audit   'oxc-transform': [ '0.111.0' ],
38 silly audit   'p-finally': [ '2.0.1' ],
38 silly audit   'pac-proxy-agent': [ '7.2.0' ],
38 silly audit   'pac-resolver': [ '7.0.1' ],
38 silly audit   'parse-ms': [ '2.1.0' ],
38 silly audit   'path-browserify': [ '1.0.1' ],
38 silly audit   'path-key': [ '3.1.1' ],
38 silly audit   'path-scurry': [ '2.0.2' ],
38 silly audit   pend: [ '1.2.0' ],
38 silly audit   picocolors: [ '1.0.0' ],
38 silly audit   'pip-requirements-js': [ '1.0.3' ],
38 silly audit   'pretty-ms': [ '7.0.1' ],
38 silly audit   promisepipe: [ '3.0.0' ],
38 silly audit   'proxy-agent': [ '6.4.0' ],
38 silly audit   'proxy-from-env': [ '1.1.0' ],
38 silly audit   pump: [ '3.0.4' ],
38 silly audit   punycode: [ '2.3.1' ],
38 silly audit   'queue-microtask': [ '1.2.3' ],
38 silly audit   'raw-body': [ '2.4.1' ],
38 silly audit   readdirp: [ '4.1.2' ],
38 silly audit   'require-from-string': [ '2.0.2' ],
38 silly audit   'resolve-from': [ '5.0.0' ],
38 silly audit   'resolve-pkg-maps': [ '1.0.0' ],
38 silly audit   'resolve.exports': [ '2.0.3' ],
38 silly audit   retry: [ '0.13.1' ],
38 silly audit   reusify: [ '1.1.0' ],
38 silly audit   rolldown: [ '1.0.0-rc.1' ],
38 silly audit   'run-parallel': [ '1.2.0' ],
38 silly audit   'safer-buffer': [ '2.1.2' ],
38 silly audit   yallist: [ '4.0.0', '5.0.0' ],
38 silly audit   setprototypeof: [ '1.1.1' ],
38 silly audit   'shebang-command': [ '2.0.0' ],
38 silly audit   'shebang-regex': [ '3.0.0' ],
38 silly audit   'smart-buffer': [ '4.2.0' ],
38 silly audit   'smol-toml': [ '1.5.2' ],
38 silly audit   socks: [ '2.8.7' ],
38 silly audit   'socks-proxy-agent': [ '8.0.5' ],
38 silly audit   'source-map': [ '0.6.1' ],
38 silly audit   srvx: [ '0.8.9' ],
38 silly audit   'stat-mode': [ '0.3.0' ],
38 silly audit   statuses: [ '1.5.0' ],
38 silly audit   'stream-to-array': [ '2.3.0' ],
38 silly audit   'stream-to-promise': [ '2.2.0' ],
38 silly audit   'strip-final-newline': [ '2.0.0' ],
38 silly audit   tar: [ '7.5.7' ],
38 silly audit   throttleit: [ '2.1.0' ],
38 silly audit   'time-span': [ '4.0.0' ],
38 silly audit   tinyexec: [ '0.3.2' ],
38 silly audit   'to-regex-range': [ '5.0.1' ],
38 silly audit   toidentifier: [ '1.0.0' ],
38 silly audit   tr46: [ '0.0.3' ],
38 silly audit   'tree-kill': [ '1.2.2' ],
38 silly audit   'ts-morph': [ '12.0.0' ],
38 silly audit   'ts-toolbelt': [ '6.15.5' ],
38 silly audit   tslib: [ '2.8.1' ],
38 silly audit   tsx: [ '4.21.0' ],
38 silly audit   typescript: [ '5.9.3' ],
38 silly audit   'uid-promise': [ '1.0.0' ],
38 silly audit   'undici-types': [ '5.26.5' ],
38 silly audit   universalify: [ '2.0.1' ],
38 silly audit   unpipe: [ '1.0.0' ],
38 silly audit   'uri-js': [ '4.4.1' ],
38 silly audit   'web-vitals': [ '0.2.4' ],
38 silly audit   'webidl-conversions': [ '3.0.1' ],
38 silly audit   'whatwg-url': [ '5.0.0' ],
38 silly audit   which: [ '2.0.2' ],
38 silly audit   wrappy: [ '1.0.2' ],
38 silly audit   'xdg-app-paths': [ '5.1.0' ],
38 silly audit   'xdg-portable': [ '7.3.0' ],
38 silly audit   yauzl: [ '2.10.0' ],
38 silly audit   'yauzl-clone': [ '1.0.4' ],
38 silly audit   'yauzl-promise': [ '2.1.3' ],
38 silly audit   zod: [ '3.22.4' ],
38 silly audit   vercel: [ '50.32.3' ],
38 silly audit   '@vercel/detect-agent': [ '1.2.1' ],
38 silly audit   '@vercel/python': [ '6.23.0' ]
38 silly audit }
39 http cache vercel@https://registry.npmjs.org/vercel/-/vercel-50.32.3.tgz 0ms (cache hit)
40 http cache @vercel/python@https://registry.npmjs.org/@vercel/python/-/python-6.23.0.tgz 0ms (cache hit)
41 silly tarball no local data for vercel@https://registry.npmjs.org/vercel/-/vercel-50.32.3.tgz. Extracting by manifest.
42 http cache @vercel/detect-agent@https://registry.npmjs.org/@vercel/detect-agent/-/detect-agent-1.2.1.tgz 0ms (cache hit)
43 silly tarball no local data for @vercel/python@https://registry.npmjs.org/@vercel/python/-/python-6.23.0.tgz. Extracting by manifest.
44 silly tarball no local data for @vercel/detect-agent@https://registry.npmjs.org/@vercel/detect-agent/-/detect-agent-1.2.1.tgz. Extracting by manifest.
45 http fetch GET 200 https://registry.npmjs.org/@vercel/detect-agent/-/detect-agent-1.2.1.tgz 152ms (cache miss)
46 http fetch POST 200 https://registry.npmjs.org/-/npm/v1/security/advisories/bulk 239ms
47 silly audit report {
47 silly audit report   '@tootallnate/once': [
47 silly audit report     {
47 silly audit report       id: 1113977,
47 silly audit report       url: 'https://github.com/advisories/GHSA-vpq2-c234-7xj6',
47 silly audit report       title: '@tootallnate/once vulnerable to Incorrect Control Flow Scoping',
47 silly audit report       severity: 'low',
47 silly audit report       vulnerable_versions: '<3.0.1',
47 silly audit report       cwe: [Array],
47 silly audit report       cvss: [Object]
47 silly audit report     }
47 silly audit report   ],
47 silly audit report   minimatch: [
47 silly audit report     {
47 silly audit report       id: 1113466,
47 silly audit report       url: 'https://github.com/advisories/GHSA-3ppc-4f35-3m26',
47 silly audit report       title: 'minimatch has a ReDoS via repeated wildcards with non-matching literal in pattern',
47 silly audit report       severity: 'high',
47 silly audit report       vulnerable_versions: '>=10.0.0 <10.2.1',
47 silly audit report       cwe: [Array],
47 silly audit report       cvss: [Object]
47 silly audit report     },
47 silly audit report     {
47 silly audit report       id: 1113545,
47 silly audit report       url: 'https://github.com/advisories/GHSA-7r86-cg39-jmmj',
47 silly audit report       title: 'minimatch has ReDoS: matchOne() combinatorial backtracking via multiple non-adjacent GLOBSTAR segments',
47 silly audit report       severity: 'high',
47 silly audit report       vulnerable_versions: '>=10.0.0 <10.2.3',
47 silly audit report       cwe: [Array],
47 silly audit report       cvss: [Object]
47 silly audit report     },
47 silly audit report     {
47 silly audit report       id: 1113553,
47 silly audit report       url: 'https://github.com/advisories/GHSA-23c5-xmqv-rm74',
47 silly audit report       title: 'minimatch ReDoS: nested *() extglobs generate catastrophically backtracking regular expressions',
47 silly audit report       severity: 'high',
47 silly audit report       vulnerable_versions: '>=10.0.0 <10.2.3',
47 silly audit report       cwe: [Array],
47 silly audit report       cvss: [Object]
47 silly audit report     }
47 silly audit report   ],
47 silly audit report   'path-to-regexp': [
47 silly audit report     {
47 silly audit report       id: 1101846,
47 silly audit report       url: 'https://github.com/advisories/GHSA-9wv6-86v2-598j',
47 silly audit report       title: 'path-to-regexp outputs backtracking regular expressions',
47 silly audit report       severity: 'high',
47 silly audit report       vulnerable_versions: '>=4.0.0 <6.3.0',
47 silly audit report       cwe: [Array],
47 silly audit report       cvss: [Object]
47 silly audit report     }
47 silly audit report   ],
47 silly audit report   undici: [
47 silly audit report     {
47 silly audit report       id: 1101610,
47 silly audit report       url: 'https://github.com/advisories/GHSA-c76h-2ccp-4975',
47 silly audit report       title: 'Use of Insufficiently Random Values in undici',
47 silly audit report       severity: 'moderate',
47 silly audit report       vulnerable_versions: '>=4.5.0 <5.28.5',
47 silly audit report       cwe: [Array],
47 silly audit report       cvss: [Object]
47 silly audit report     },
47 silly audit report     {
47 silly audit report       id: 1112496,
47 silly audit report       url: 'https://github.com/advisories/GHSA-g9mf-h72j-4rw9',
47 silly audit report       title: 'Undici has an unbounded decompression chain in HTTP responses on Node.js Fetch API via Content-Encoding leads to resource exhaustion',
47 silly audit report       severity: 'moderate',
47 silly audit report       vulnerable_versions: '<6.23.0',
47 silly audit report       cwe: [Array],
47 silly audit report       cvss: [Object]
47 silly audit report     },
47 silly audit report     {
47 silly audit report       id: 1113069,
47 silly audit report       url: 'https://github.com/advisories/GHSA-cxrh-j4jr-qwg3',
47 silly audit report       title: 'undici Denial of Service attack via bad certificate data',
47 silly audit report       severity: 'low',
47 silly audit report       vulnerable_versions: '<5.29.0',
47 silly audit report       cwe: [Array],
47 silly audit report       cvss: [Object]
47 silly audit report     }
47 silly audit report   ],
47 silly audit report   ajv: [
47 silly audit report     {
47 silly audit report       id: 1113715,
47 silly audit report       url: 'https://github.com/advisories/GHSA-2g4f-4pwh-qvx6',
47 silly audit report       title: 'ajv has ReDoS when using `$data` option',
47 silly audit report       severity: 'moderate',
47 silly audit report       vulnerable_versions: '>=7.0.0-alpha.0 <8.18.0',
47 silly audit report       cwe: [Array],
47 silly audit report       cvss: [Object]
47 silly audit report     }
47 silly audit report   ],
47 silly audit report   tar: [
47 silly audit report     {
47 silly audit report       id: 1113375,
47 silly audit report       url: 'https://github.com/advisories/GHSA-83g3-92jg-28cx',
47 silly audit report       title: 'Arbitrary File Read/Write via Hardlink Target Escape Through Symlink Chain in node-tar Extraction',
47 silly audit report       severity: 'high',
47 silly audit report       vulnerable_versions: '<7.5.8',
47 silly audit report       cwe: [Array],
47 silly audit report       cvss: [Object]
47 silly audit report     },
47 silly audit report     {
47 silly audit report       id: 1114200,
47 silly audit report       url: 'https://github.com/advisories/GHSA-qffp-2rhf-9h96',
47 silly audit report       title: 'tar has Hardlink Path Traversal via Drive-Relative Linkpath',
47 silly audit report       severity: 'high',
47 silly audit report       vulnerable_versions: '<=7.5.9',
47 silly audit report       cwe: [Array],
47 silly audit report       cvss: [Object]
47 silly audit report     },
47 silly audit report     {
47 silly audit report       id: 1114302,
47 silly audit report       url: 'https://github.com/advisories/GHSA-9ppj-qmqm-q256',
47 silly audit report       title: 'node-tar Symlink Path Traversal via Drive-Relative Linkpath',
47 silly audit report       severity: 'high',
47 silly audit report       vulnerable_versions: '<=7.5.10',
47 silly audit report       cwe: [Array],
47 silly audit report       cvss: [Object]
47 silly audit report     }
47 silly audit report   ]
47 silly audit report }
48 silly packumentCache corgi:https://registry.npmjs.org/@tootallnate%2fonce cache-miss
49 silly packumentCache corgi:https://registry.npmjs.org/minimatch cache-miss
50 silly packumentCache corgi:https://registry.npmjs.org/path-to-regexp cache-miss
51 silly packumentCache corgi:https://registry.npmjs.org/undici cache-miss
52 silly packumentCache corgi:https://registry.npmjs.org/ajv cache-miss
53 silly packumentCache corgi:https://registry.npmjs.org/tar cache-miss
54 http fetch GET 200 https://registry.npmjs.org/@vercel/python/-/python-6.23.0.tgz 255ms (cache miss)
55 http fetch GET 200 https://registry.npmjs.org/vercel/-/vercel-50.32.3.tgz 286ms (cache miss)
56 http fetch GET 200 https://registry.npmjs.org/minimatch 65ms (cache revalidated)
57 silly packumentCache corgi:https://registry.npmjs.org/minimatch set size:167610 disposed:false
58 http fetch GET 200 https://registry.npmjs.org/@tootallnate%2fonce 67ms (cache revalidated)
59 silly packumentCache corgi:https://registry.npmjs.org/@tootallnate%2fonce set size:10818 disposed:false
60 http fetch GET 200 https://registry.npmjs.org/path-to-regexp 93ms (cache revalidated)
61 silly packumentCache corgi:https://registry.npmjs.org/path-to-regexp set size:63416 disposed:false
62 http fetch GET 200 https://registry.npmjs.org/tar 195ms (cache revalidated)
63 silly packumentCache corgi:https://registry.npmjs.org/tar set size:197340 disposed:false
64 http fetch GET 200 https://registry.npmjs.org/ajv 198ms (cache revalidated)
65 silly packumentCache corgi:https://registry.npmjs.org/ajv set size:464537 disposed:false
66 http fetch GET 200 https://registry.npmjs.org/undici 208ms (cache updated)
67 silly packumentCache corgi:https://registry.npmjs.org/undici set size:undefined disposed:false
68 silly packumentCache corgi:https://registry.npmjs.org/@vercel%2ffun cache-miss
69 http fetch GET 200 https://registry.npmjs.org/@vercel%2ffun 46ms (cache revalidated)
70 silly packumentCache corgi:https://registry.npmjs.org/@vercel%2ffun set size:23528 disposed:false
71 silly packumentCache corgi:https://registry.npmjs.org/@vercel%2fpython-analysis cache-miss
72 http fetch GET 200 https://registry.npmjs.org/@vercel%2fpython-analysis 206ms (cache revalidated)
73 silly packumentCache corgi:https://registry.npmjs.org/@vercel%2fpython-analysis set size:17710 disposed:false
74 silly packumentCache corgi:https://registry.npmjs.org/@vercel%2fnode cache-miss
75 silly packumentCache corgi:https://registry.npmjs.org/@vercel%2fremix-builder cache-miss
76 http fetch GET 200 https://registry.npmjs.org/@vercel%2fnode 47ms (cache revalidated)
77 silly packumentCache corgi:https://registry.npmjs.org/@vercel%2fnode set size:787532 disposed:false
78 http fetch GET 200 https://registry.npmjs.org/@vercel%2fremix-builder 98ms (cache revalidated)
79 silly packumentCache corgi:https://registry.npmjs.org/@vercel%2fremix-builder set size:133335 disposed:false
80 silly packumentCache corgi:https://registry.npmjs.org/@vercel%2fstatic-config cache-miss
81 http fetch GET 200 https://registry.npmjs.org/@vercel%2fstatic-config 51ms (cache revalidated)
82 silly packumentCache corgi:https://registry.npmjs.org/@vercel%2fstatic-config set size:45645 disposed:false
83 silly packumentCache corgi:https://registry.npmjs.org/@mapbox%2fnode-pre-gyp cache-miss
84 http fetch GET 200 https://registry.npmjs.org/@mapbox%2fnode-pre-gyp 48ms (cache revalidated)
85 silly packumentCache corgi:https://registry.npmjs.org/@mapbox%2fnode-pre-gyp set size:47144 disposed:false
86 silly packumentCache corgi:https://registry.npmjs.org/vercel cache-miss
87 http cache https://registry.npmjs.org/vercel 8ms (cache hit)
88 silly packumentCache corgi:https://registry.npmjs.org/vercel set size:3995456 disposed:false
89 silly packumentCache corgi:https://registry.npmjs.org/@vercel%2fbuild-utils cache-miss
90 silly packumentCache corgi:https://registry.npmjs.org/@vercel%2fpython cache-miss
91 http fetch GET 200 https://registry.npmjs.org/@vercel%2fbuild-utils 78ms (cache revalidated)
92 silly packumentCache corgi:https://registry.npmjs.org/@vercel%2fbuild-utils set size:784988 disposed:false
93 http fetch GET 200 https://registry.npmjs.org/@vercel%2fpython 82ms (cache updated)
94 silly packumentCache corgi:https://registry.npmjs.org/@vercel%2fpython set size:undefined disposed:false
95 silly packumentCache corgi:https://registry.npmjs.org/@vercel%2felysia cache-miss
96 silly packumentCache corgi:https://registry.npmjs.org/@vercel%2fexpress cache-miss
97 silly packumentCache corgi:https://registry.npmjs.org/@vercel%2ffastify cache-miss
98 silly packumentCache corgi:https://registry.npmjs.org/@vercel%2fh3 cache-miss
99 silly packumentCache corgi:https://registry.npmjs.org/@vercel%2fhono cache-miss
100 silly packumentCache corgi:https://registry.npmjs.org/@vercel%2fkoa cache-miss
101 silly packumentCache corgi:https://registry.npmjs.org/@vercel%2fnestjs cache-miss
102 http fetch GET 200 https://registry.npmjs.org/@vercel%2fexpress 67ms (cache revalidated)
103 silly packumentCache corgi:https://registry.npmjs.org/@vercel%2fexpress set size:84491 disposed:false
104 http fetch GET 200 https://registry.npmjs.org/@vercel%2ffastify 67ms (cache revalidated)
105 silly packumentCache corgi:https://registry.npmjs.org/@vercel%2ffastify set size:48553 disposed:false
106 http fetch GET 200 https://registry.npmjs.org/@vercel%2fh3 69ms (cache revalidated)
107 silly packumentCache corgi:https://registry.npmjs.org/@vercel%2fh3 set size:53089 disposed:false
108 http fetch GET 200 https://registry.npmjs.org/@vercel%2fhono 80ms (cache revalidated)
109 silly packumentCache corgi:https://registry.npmjs.org/@vercel%2fhono set size:82046 disposed:false
110 http fetch GET 200 https://registry.npmjs.org/@vercel%2felysia 84ms (cache revalidated)
111 silly packumentCache corgi:https://registry.npmjs.org/@vercel%2felysia set size:44584 disposed:false
112 http fetch GET 200 https://registry.npmjs.org/@vercel%2fnestjs 83ms (cache revalidated)
113 silly packumentCache corgi:https://registry.npmjs.org/@vercel%2fnestjs set size:53045 disposed:false
114 http fetch GET 200 https://registry.npmjs.org/@vercel%2fkoa 103ms (cache revalidated)
115 silly packumentCache corgi:https://registry.npmjs.org/@vercel%2fkoa set size:28193 disposed:false
116 silly packumentCache corgi:https://registry.npmjs.org/@vercel%2fhydrogen cache-miss
117 silly packumentCache corgi:https://registry.npmjs.org/@vercel%2fredwood cache-miss
118 silly packumentCache corgi:https://registry.npmjs.org/@vercel%2fstatic-build cache-miss
119 http fetch GET 200 https://registry.npmjs.org/@vercel%2fredwood 91ms (cache revalidated)
120 silly packumentCache corgi:https://registry.npmjs.org/@vercel%2fredwood set size:261460 disposed:false
121 http fetch GET 200 https://registry.npmjs.org/@vercel%2fhydrogen 214ms (cache revalidated)
122 silly packumentCache corgi:https://registry.npmjs.org/@vercel%2fhydrogen set size:122825 disposed:false
123 http fetch GET 200 https://registry.npmjs.org/@vercel%2fstatic-build 244ms (cache revalidated)
124 silly packumentCache corgi:https://registry.npmjs.org/@vercel%2fstatic-build set size:591522 disposed:false
125 silly packumentCache corgi:https://registry.npmjs.org/@vercel%2fbackends cache-miss
126 silly packumentCache corgi:https://registry.npmjs.org/@vercel%2fgatsby-plugin-vercel-builder cache-miss
127 http fetch GET 200 https://registry.npmjs.org/@vercel%2fgatsby-plugin-vercel-builder 70ms (cache revalidated)
128 silly packumentCache corgi:https://registry.npmjs.org/@vercel%2fgatsby-plugin-vercel-builder set size:242883 disposed:false
129 http fetch GET 200 https://registry.npmjs.org/@vercel%2fbackends 73ms (cache revalidated)
130 silly packumentCache corgi:https://registry.npmjs.org/@vercel%2fbackends set size:48986 disposed:false
131 silly packumentCache corgi:https://registry.npmjs.org/@vercel%2fcervel cache-miss
132 http fetch GET 200 https://registry.npmjs.org/@vercel%2fcervel 56ms (cache revalidated)
133 silly packumentCache corgi:https://registry.npmjs.org/@vercel%2fcervel set size:28158 disposed:false
134 verbose cwd C:\Users\caauc\barbas-cuts-web
135 verbose os Windows_NT 10.0.26200
136 verbose node v22.19.0
137 verbose npm  v11.6.2
138 verbose exit 0
139 info ok
